<?xml version="1.0" encoding="UTF-8"?>
<!-- Generated by org.testng.reporters.JUnitReportReporter -->
<testsuite skipped="0" hostname="LAPTOP-5NF042AS" name="ElonMusk.SpaceX.LaunchFaceBook" tests="1" failures="0" timestamp="05 Mar 2021 16:32:13 GMT" time="47.177" errors="0">
  <testcase name="fb" time="47.177" classname="ElonMusk.SpaceX.LaunchFaceBook"/>
</testsuite> <!-- ElonMusk.SpaceX.LaunchFaceBook -->
